<?xml version="1.0" encoding="UTF-8"?>
<!-- Generated by org.testng.reporters.JUnitReportReporter -->
<testsuite hostname="DESKTOP-RUC9O5J" failures="0" tests="2" name="Academy.E2EProject.HomePage" time="24.629" errors="0" timestamp="29 Aug 2020 00:33:59 GMT">
  <testcase classname="Academy.E2EProject.HomePage" name="basePageNavigation" time="16.713"/>
  <testcase classname="Academy.E2EProject.HomePage" name="basePageNavigation" time="7.916"/>
</testsuite> <!-- Academy.E2EProject.HomePage -->
