<?xml version="1.0" encoding="UTF-8"?>
<!-- Generated by org.testng.reporters.JUnitReportReporter -->
<testsuite hostname="DESKTOP-RUC9O5J" failures="0" tests="1" name="Academy.E2EProject.ValidateNavigationBar" time="1.106" errors="0" timestamp="29 Aug 2020 00:33:59 GMT">
  <testcase classname="Academy.E2EProject.ValidateNavigationBar" name="basePageNavigation" time="1.106"/>
</testsuite> <!-- Academy.E2EProject.ValidateNavigationBar -->
