<?xml version="1.0" encoding="UTF-8"?>
<!-- Generated by org.testng.reporters.JUnitReportReporter -->
<testsuite hostname="DESKTOP-RUC9O5J" failures="0" tests="1" name="Academy.E2EProject.ValidateTitle" time="0.344" errors="0" timestamp="29 Aug 2020 00:33:59 GMT">
  <testcase classname="Academy.E2EProject.ValidateTitle" name="basePageNavigation" time="0.344"/>
</testsuite> <!-- Academy.E2EProject.ValidateTitle -->
